<?xml version="1.0" encoding="UTF-8"?>
<!-- Generated by org.testng.reporters.JUnitReportReporter -->
<testsuite hostname="DESKTOP-0FL77DL" name="org.akshaya.jdo.messenger.testing.MessageResourceTest" tests="1" failures="0" timestamp="1 Aug 2017 15:59:10 GMT" time="0.016" errors="0">
  <testcase name="getMessagesTest" time="0.016" classname="org.akshaya.jdo.messenger.testing.MessageResourceTest"/>
</testsuite> <!-- org.akshaya.jdo.messenger.testing.MessageResourceTest -->
