<?xml version="1.0" encoding="UTF-8"?>
<!-- Generated by org.testng.reporters.JUnitReportReporter -->
<testsuite hostname="DESKTOP-0FL77DL" name="org.akshaya.jdo.messenger.testing.MessageResourceTest" tests="3" failures="0" timestamp="2 Aug 2017 18:49:08 GMT" time="0.015" errors="0">
  <testcase name="updateMessageTest" time="0.000" classname="org.akshaya.jdo.messenger.testing.MessageResourceTest"/>
  <testcase name="addMessageTest" time="0.015" classname="org.akshaya.jdo.messenger.testing.MessageResourceTest"/>
  <testcase name="getAllMessagesTest" time="0.000" classname="org.akshaya.jdo.messenger.testing.MessageResourceTest"/>
</testsuite> <!-- org.akshaya.jdo.messenger.testing.MessageResourceTest -->
