<?xml version="1.0" encoding="UTF-8"?>
<!-- Generated by org.testng.reporters.JUnitReportReporter -->
<testsuite hostname="DESKTOP-0FL77DL" name="org.akshaya.jdo.messenger.testing.MessageTest" tests="1" failures="0" timestamp="25 Jul 2017 01:05:37 GMT" time="0.015" errors="0">
  <testcase name="getMessageTest" time="0.015" classname="org.akshaya.jdo.messenger.testing.MessageTest"/>
</testsuite> <!-- org.akshaya.jdo.messenger.testing.MessageTest -->
