<?xml version="1.0" encoding="UTF-8"?>
<!-- Generated by org.testng.reporters.JUnitReportReporter -->
<testsuite hostname="DESKTOP-0FL77DL" name="org.akshaya.jdo.messenger.testing.MessageResourceTest" tests="2" failures="0" timestamp="3 Aug 2017 04:11:53 GMT" time="0.033" errors="0">
  <testcase name="addMessageTest" time="0.015" classname="org.akshaya.jdo.messenger.testing.MessageResourceTest"/>
  <testcase name="getAllMessagesTest" time="0.018" classname="org.akshaya.jdo.messenger.testing.MessageResourceTest"/>
</testsuite> <!-- org.akshaya.jdo.messenger.testing.MessageResourceTest -->
